<?xml version="1.0" encoding="UTF-8"?>
<testng-results skipped="8" failed="0" total="8" passed="0">
  <reporter-output>
  </reporter-output>
  <suite name="Default suite" duration-ms="6901" started-at="2015-05-12T10:09:02Z" finished-at="2015-05-12T10:09:09Z">
    <groups>
    </groups>
    <test name="Default test" duration-ms="6901" started-at="2015-05-12T10:09:02Z" finished-at="2015-05-12T10:09:09Z">
      <class name="com.tavant.media.web.controller.test.ProposalControllerTest">
        <test-method status="PASS" signature="springTestContextBeforeTestClass()[pri:0, instance:com.tavant.media.web.controller.test.ProposalControllerTest@19870711]" name="springTestContextBeforeTestClass" is-config="true" duration-ms="15" started-at="2015-05-12T15:39:02Z" finished-at="2015-05-12T15:39:02Z">
          <reporter-output>
          </reporter-output>
        </test-method> <!-- springTestContextBeforeTestClass -->
        <test-method status="FAIL" signature="springTestContextPrepareTestInstance()[pri:0, instance:com.tavant.media.web.controller.test.ProposalControllerTest@19870711]" name="springTestContextPrepareTestInstance" is-config="true" duration-ms="0" started-at="2015-05-12T15:39:02Z" depends-on-methods="org.springframework.test.context.testng.AbstractTestNGSpringContextTests.springTestContextBeforeTestClass" finished-at="2015-05-12T15:39:02Z">
          <exception class="java.lang.IllegalStateException">
            <message>
              <![CDATA[Failed to load ApplicationContext]]>
            </message>
            <full-stacktrace>
              <![CDATA[java.lang.IllegalStateException: Failed to load ApplicationContext
	at org.springframework.test.context.DefaultCacheAwareContextLoaderDelegate.loadContext(DefaultCacheAwareContextLoaderDelegate.java:94)
	at org.springframework.test.context.DefaultTestContext.getApplicationContext(DefaultTestContext.java:72)
	at org.springframework.test.context.web.ServletTestExecutionListener.setUpRequestContextIfNecessary(ServletTestExecutionListener.java:170)
	at org.springframework.test.context.web.ServletTestExecutionListener.prepareTestInstance(ServletTestExecutionListener.java:110)
	at org.springframework.test.context.TestContextManager.prepareTestInstance(TestContextManager.java:212)
	at org.springframework.test.context.testng.AbstractTestNGSpringContextTests.springTestContextPrepareTestInstance(AbstractTestNGSpringContextTests.java:145)
	at sun.reflect.NativeMethodAccessorImpl.invoke0(Native Method)
	at sun.reflect.NativeMethodAccessorImpl.invoke(NativeMethodAccessorImpl.java:57)
	at sun.reflect.DelegatingMethodAccessorImpl.invoke(DelegatingMethodAccessorImpl.java:43)
	at java.lang.reflect.Method.invoke(Method.java:606)
	at org.testng.internal.MethodInvocationHelper.invokeMethod(MethodInvocationHelper.java:84)
	at org.testng.internal.Invoker.invokeConfigurationMethod(Invoker.java:564)
	at org.testng.internal.Invoker.invokeConfigurations(Invoker.java:213)
	at org.testng.internal.Invoker.invokeConfigurations(Invoker.java:138)
	at org.testng.internal.TestMethodWorker.invokeBeforeClassMethods(TestMethodWorker.java:175)
	at org.testng.internal.TestMethodWorker.run(TestMethodWorker.java:107)
	at org.testng.TestRunner.privateRun(TestRunner.java:767)
	at org.testng.TestRunner.run(TestRunner.java:617)
	at org.testng.SuiteRunner.runTest(SuiteRunner.java:334)
	at org.testng.SuiteRunner.runSequentially(SuiteRunner.java:329)
	at org.testng.SuiteRunner.privateRun(SuiteRunner.java:291)
	at org.testng.SuiteRunner.run(SuiteRunner.java:240)
	at org.testng.SuiteRunnerWorker.runSuite(SuiteRunnerWorker.java:52)
	at org.testng.SuiteRunnerWorker.run(SuiteRunnerWorker.java:86)
	at org.testng.TestNG.runSuitesSequentially(TestNG.java:1224)
	at org.testng.TestNG.runSuitesLocally(TestNG.java:1149)
	at org.testng.TestNG.run(TestNG.java:1057)
	at org.testng.remote.RemoteTestNG.run(RemoteTestNG.java:111)
	at org.testng.remote.RemoteTestNG.initAndRun(RemoteTestNG.java:204)
	at org.testng.remote.RemoteTestNG.main(RemoteTestNG.java:175)
Caused by: org.springframework.beans.factory.BeanCreationException: Error creating bean with name 'lineItemController' defined in URL [file:src/main/webapp/WEB-INF/media-planner-controller.xml]: Cannot resolve reference to bean 'lineItemValidator' while setting bean property 'lineItemValidator'; nested exception is org.springframework.beans.factory.BeanCreationException: Error creating bean with name 'lineItemValidator' defined in URL [file:src/main/webapp/WEB-INF/media-planner-controller.xml]: Error setting property values; nested exception is org.springframework.beans.NotWritablePropertyException: Invalid property 'proposalService' of bean class [com.tavant.media.core.validator.LineItemValidator]: Bean property 'proposalService' is not writable or has an invalid setter method. Does the parameter type of the setter match the return type of the getter?
	at org.springframework.beans.factory.support.BeanDefinitionValueResolver.resolveReference(BeanDefinitionValueResolver.java:359)
	at org.springframework.beans.factory.support.BeanDefinitionValueResolver.resolveValueIfNecessary(BeanDefinitionValueResolver.java:108)
	at org.springframework.beans.factory.support.AbstractAutowireCapableBeanFactory.applyPropertyValues(AbstractAutowireCapableBeanFactory.java:1469)
	at org.springframework.beans.factory.support.AbstractAutowireCapableBeanFactory.populateBean(AbstractAutowireCapableBeanFactory.java:1214)
	at org.springframework.beans.factory.support.AbstractAutowireCapableBeanFactory.doCreateBean(AbstractAutowireCapableBeanFactory.java:537)
	at org.springframework.beans.factory.support.AbstractAutowireCapableBeanFactory.createBean(AbstractAutowireCapableBeanFactory.java:476)
	at org.springframework.beans.factory.support.AbstractBeanFactory$1.getObject(AbstractBeanFactory.java:302)
	at org.springframework.beans.factory.support.DefaultSingletonBeanRegistry.getSingleton(DefaultSingletonBeanRegistry.java:230)
	at org.springframework.beans.factory.support.AbstractBeanFactory.doGetBean(AbstractBeanFactory.java:298)
	at org.springframework.beans.factory.support.AbstractBeanFactory.getBean(AbstractBeanFactory.java:193)
	at org.springframework.beans.factory.support.DefaultListableBeanFactory.preInstantiateSingletons(DefaultListableBeanFactory.java:762)
	at org.springframework.context.support.AbstractApplicationContext.finishBeanFactoryInitialization(AbstractApplicationContext.java:757)
	at org.springframework.context.support.AbstractApplicationContext.refresh(AbstractApplicationContext.java:480)
	at org.springframework.test.context.web.AbstractGenericWebContextLoader.loadContext(AbstractGenericWebContextLoader.java:133)
	at org.springframework.test.context.web.AbstractGenericWebContextLoader.loadContext(AbstractGenericWebContextLoader.java:60)
	at org.springframework.test.context.support.AbstractDelegatingSmartContextLoader.delegateLoading(AbstractDelegatingSmartContextLoader.java:109)
	at org.springframework.test.context.support.AbstractDelegatingSmartContextLoader.loadContext(AbstractDelegatingSmartContextLoader.java:261)
	at org.springframework.test.context.DefaultCacheAwareContextLoaderDelegate.loadContextInternal(DefaultCacheAwareContextLoaderDelegate.java:68)
	at org.springframework.test.context.DefaultCacheAwareContextLoaderDelegate.loadContext(DefaultCacheAwareContextLoaderDelegate.java:86)
	... 29 more
Caused by: org.springframework.beans.factory.BeanCreationException: Error creating bean with name 'lineItemValidator' defined in URL [file:src/main/webapp/WEB-INF/media-planner-controller.xml]: Error setting property values; nested exception is org.springframework.beans.NotWritablePropertyException: Invalid property 'proposalService' of bean class [com.tavant.media.core.validator.LineItemValidator]: Bean property 'proposalService' is not writable or has an invalid setter method. Does the parameter type of the setter match the return type of the getter?
	at org.springframework.beans.factory.support.AbstractAutowireCapableBeanFactory.applyPropertyValues(AbstractAutowireCapableBeanFactory.java:1506)
	at org.springframework.beans.factory.support.AbstractAutowireCapableBeanFactory.populateBean(AbstractAutowireCapableBeanFactory.java:1214)
	at org.springframework.beans.factory.support.AbstractAutowireCapableBeanFactory.doCreateBean(AbstractAutowireCapableBeanFactory.java:537)
	at org.springframework.beans.factory.support.AbstractAutowireCapableBeanFactory.createBean(AbstractAutowireCapableBeanFactory.java:476)
	at org.springframework.beans.factory.support.AbstractBeanFactory$1.getObject(AbstractBeanFactory.java:302)
	at org.springframework.beans.factory.support.DefaultSingletonBeanRegistry.getSingleton(DefaultSingletonBeanRegistry.java:230)
	at org.springframework.beans.factory.support.AbstractBeanFactory.doGetBean(AbstractBeanFactory.java:298)
	at org.springframework.beans.factory.support.AbstractBeanFactory.getBean(AbstractBeanFactory.java:193)
	at org.springframework.beans.factory.support.BeanDefinitionValueResolver.resolveReference(BeanDefinitionValueResolver.java:351)
	... 47 more
Caused by: org.springframework.beans.NotWritablePropertyException: Invalid property 'proposalService' of bean class [com.tavant.media.core.validator.LineItemValidator]: Bean property 'proposalService' is not writable or has an invalid setter method. Does the parameter type of the setter match the return type of the getter?
	at org.springframework.beans.BeanWrapperImpl.setPropertyValue(BeanWrapperImpl.java:1067)
	at org.springframework.beans.BeanWrapperImpl.setPropertyValue(BeanWrapperImpl.java:926)
	at org.springframework.beans.AbstractPropertyAccessor.setPropertyValues(AbstractPropertyAccessor.java:95)
	at org.springframework.beans.AbstractPropertyAccessor.setPropertyValues(AbstractPropertyAccessor.java:75)
	at org.springframework.beans.factory.support.AbstractAutowireCapableBeanFactory.applyPropertyValues(AbstractAutowireCapableBeanFactory.java:1502)
	... 55 more
]]>
            </full-stacktrace>
          </exception> <!-- java.lang.IllegalStateException -->
          <reporter-output>
          </reporter-output>
        </test-method> <!-- springTestContextPrepareTestInstance -->
        <test-method status="SKIP" signature="beforeTesting()[pri:0, instance:com.tavant.media.web.controller.test.ProposalControllerTest@19870711]" name="beforeTesting" is-config="true" duration-ms="0" started-at="2015-05-12T15:39:09Z" finished-at="2015-05-12T15:39:09Z">
          <reporter-output>
          </reporter-output>
        </test-method> <!-- beforeTesting -->
        <test-method status="PASS" signature="springTestContextAfterTestMethod(java.lang.reflect.Method)[pri:0, instance:com.tavant.media.web.controller.test.ProposalControllerTest@19870711]" name="springTestContextAfterTestMethod" is-config="true" duration-ms="0" started-at="2015-05-12T15:39:09Z" finished-at="2015-05-12T15:39:09Z">
          <params>
            <param index="0">
              <value>
                <![CDATA[public void com.tavant.media.web.controller.test.ProposalControllerTest.testPostProposalData()]]>
              </value>
            </param>
          </params>
          <reporter-output>
          </reporter-output>
        </test-method> <!-- springTestContextAfterTestMethod -->
        <test-method status="SKIP" signature="testPostProposalData()[pri:0, instance:com.tavant.media.web.controller.test.ProposalControllerTest@19870711]" name="testPostProposalData" duration-ms="0" started-at="2015-05-12T15:39:09Z" finished-at="2015-05-12T15:39:09Z">
          <reporter-output>
          </reporter-output>
        </test-method> <!-- testPostProposalData -->
        <test-method status="SKIP" signature="springTestContextBeforeTestMethod(java.lang.reflect.Method)[pri:0, instance:com.tavant.media.web.controller.test.ProposalControllerTest@19870711]" name="springTestContextBeforeTestMethod" is-config="true" duration-ms="0" started-at="2015-05-12T15:39:09Z" finished-at="2015-05-12T15:39:09Z">
          <reporter-output>
          </reporter-output>
        </test-method> <!-- springTestContextBeforeTestMethod -->
        <test-method status="SKIP" signature="testUpdateRevertProposalStatus()[pri:0, instance:com.tavant.media.web.controller.test.ProposalControllerTest@19870711]" name="testUpdateRevertProposalStatus" duration-ms="0" started-at="2015-05-12T15:39:09Z" finished-at="2015-05-12T15:39:09Z">
          <reporter-output>
          </reporter-output>
        </test-method> <!-- testUpdateRevertProposalStatus -->
        <test-method status="SKIP" signature="springTestContextBeforeTestMethod(java.lang.reflect.Method)[pri:0, instance:com.tavant.media.web.controller.test.ProposalControllerTest@19870711]" name="springTestContextBeforeTestMethod" is-config="true" duration-ms="0" started-at="2015-05-12T15:39:09Z" finished-at="2015-05-12T15:39:09Z">
          <reporter-output>
          </reporter-output>
        </test-method> <!-- springTestContextBeforeTestMethod -->
        <test-method status="PASS" signature="springTestContextAfterTestMethod(java.lang.reflect.Method)[pri:0, instance:com.tavant.media.web.controller.test.ProposalControllerTest@19870711]" name="springTestContextAfterTestMethod" is-config="true" duration-ms="0" started-at="2015-05-12T15:39:09Z" finished-at="2015-05-12T15:39:09Z">
          <params>
            <param index="0">
              <value>
                <![CDATA[public void com.tavant.media.web.controller.test.ProposalControllerTest.testGetProposalDataById()]]>
              </value>
            </param>
          </params>
          <reporter-output>
          </reporter-output>
        </test-method> <!-- springTestContextAfterTestMethod -->
        <test-method status="SKIP" signature="springTestContextBeforeTestMethod(java.lang.reflect.Method)[pri:0, instance:com.tavant.media.web.controller.test.ProposalControllerTest@19870711]" name="springTestContextBeforeTestMethod" is-config="true" duration-ms="0" started-at="2015-05-12T15:39:09Z" finished-at="2015-05-12T15:39:09Z">
          <reporter-output>
          </reporter-output>
        </test-method> <!-- springTestContextBeforeTestMethod -->
        <test-method status="SKIP" signature="updateProposal()[pri:0, instance:com.tavant.media.web.controller.test.ProposalControllerTest@19870711]" name="updateProposal" duration-ms="0" started-at="2015-05-12T15:39:09Z" finished-at="2015-05-12T15:39:09Z">
          <reporter-output>
          </reporter-output>
        </test-method> <!-- updateProposal -->
        <test-method status="SKIP" signature="testGetProposalDataById()[pri:0, instance:com.tavant.media.web.controller.test.ProposalControllerTest@19870711]" name="testGetProposalDataById" duration-ms="0" started-at="2015-05-12T15:39:09Z" finished-at="2015-05-12T15:39:09Z">
          <reporter-output>
          </reporter-output>
        </test-method> <!-- testGetProposalDataById -->
        <test-method status="SKIP" signature="springTestContextBeforeTestMethod(java.lang.reflect.Method)[pri:0, instance:com.tavant.media.web.controller.test.ProposalControllerTest@19870711]" name="springTestContextBeforeTestMethod" is-config="true" duration-ms="0" started-at="2015-05-12T15:39:09Z" finished-at="2015-05-12T15:39:09Z">
          <reporter-output>
          </reporter-output>
        </test-method> <!-- springTestContextBeforeTestMethod -->
        <test-method status="PASS" signature="springTestContextAfterTestMethod(java.lang.reflect.Method)[pri:0, instance:com.tavant.media.web.controller.test.ProposalControllerTest@19870711]" name="springTestContextAfterTestMethod" is-config="true" duration-ms="15" started-at="2015-05-12T15:39:09Z" finished-at="2015-05-12T15:39:09Z">
          <params>
            <param index="0">
              <value>
                <![CDATA[public void com.tavant.media.web.controller.test.ProposalControllerTest.updateProposal()]]>
              </value>
            </param>
          </params>
          <reporter-output>
          </reporter-output>
        </test-method> <!-- springTestContextAfterTestMethod -->
        <test-method status="PASS" signature="springTestContextAfterTestMethod(java.lang.reflect.Method)[pri:0, instance:com.tavant.media.web.controller.test.ProposalControllerTest@19870711]" name="springTestContextAfterTestMethod" is-config="true" duration-ms="0" started-at="2015-05-12T15:39:09Z" finished-at="2015-05-12T15:39:09Z">
          <params>
            <param index="0">
              <value>
                <![CDATA[public void com.tavant.media.web.controller.test.ProposalControllerTest.testCreateProposalsClone()]]>
              </value>
            </param>
          </params>
          <reporter-output>
          </reporter-output>
        </test-method> <!-- springTestContextAfterTestMethod -->
        <test-method status="SKIP" signature="testUpdateProposalStatus()[pri:0, instance:com.tavant.media.web.controller.test.ProposalControllerTest@19870711]" name="testUpdateProposalStatus" duration-ms="0" started-at="2015-05-12T15:39:09Z" finished-at="2015-05-12T15:39:09Z">
          <reporter-output>
          </reporter-output>
        </test-method> <!-- testUpdateProposalStatus -->
        <test-method status="SKIP" signature="testCreateProposalsClone()[pri:0, instance:com.tavant.media.web.controller.test.ProposalControllerTest@19870711]" name="testCreateProposalsClone" duration-ms="0" started-at="2015-05-12T15:39:09Z" finished-at="2015-05-12T15:39:09Z">
          <reporter-output>
          </reporter-output>
        </test-method> <!-- testCreateProposalsClone -->
        <test-method status="PASS" signature="springTestContextAfterTestMethod(java.lang.reflect.Method)[pri:0, instance:com.tavant.media.web.controller.test.ProposalControllerTest@19870711]" name="springTestContextAfterTestMethod" is-config="true" duration-ms="0" started-at="2015-05-12T15:39:09Z" finished-at="2015-05-12T15:39:09Z">
          <params>
            <param index="0">
              <value>
                <![CDATA[public void com.tavant.media.web.controller.test.ProposalControllerTest.testUpdateProposalStatus()]]>
              </value>
            </param>
          </params>
          <reporter-output>
          </reporter-output>
        </test-method> <!-- springTestContextAfterTestMethod -->
        <test-method status="PASS" signature="springTestContextAfterTestMethod(java.lang.reflect.Method)[pri:0, instance:com.tavant.media.web.controller.test.ProposalControllerTest@19870711]" name="springTestContextAfterTestMethod" is-config="true" duration-ms="0" started-at="2015-05-12T15:39:09Z" finished-at="2015-05-12T15:39:09Z">
          <params>
            <param index="0">
              <value>
                <![CDATA[public void com.tavant.media.web.controller.test.ProposalControllerTest.testUpdateRevertProposalStatus()]]>
              </value>
            </param>
          </params>
          <reporter-output>
          </reporter-output>
        </test-method> <!-- springTestContextAfterTestMethod -->
        <test-method status="SKIP" signature="springTestContextBeforeTestMethod(java.lang.reflect.Method)[pri:0, instance:com.tavant.media.web.controller.test.ProposalControllerTest@19870711]" name="springTestContextBeforeTestMethod" is-config="true" duration-ms="0" started-at="2015-05-12T15:39:09Z" finished-at="2015-05-12T15:39:09Z">
          <reporter-output>
          </reporter-output>
        </test-method> <!-- springTestContextBeforeTestMethod -->
        <test-method status="SKIP" signature="springTestContextBeforeTestMethod(java.lang.reflect.Method)[pri:0, instance:com.tavant.media.web.controller.test.ProposalControllerTest@19870711]" name="springTestContextBeforeTestMethod" is-config="true" duration-ms="0" started-at="2015-05-12T15:39:09Z" finished-at="2015-05-12T15:39:09Z">
          <reporter-output>
          </reporter-output>
        </test-method> <!-- springTestContextBeforeTestMethod -->
        <test-method status="PASS" signature="springTestContextAfterTestMethod(java.lang.reflect.Method)[pri:0, instance:com.tavant.media.web.controller.test.ProposalControllerTest@19870711]" name="springTestContextAfterTestMethod" is-config="true" duration-ms="0" started-at="2015-05-12T15:39:09Z" finished-at="2015-05-12T15:39:09Z">
          <params>
            <param index="0">
              <value>
                <![CDATA[public void com.tavant.media.web.controller.test.ProposalControllerTest.testDeleteProposalDataById()]]>
              </value>
            </param>
          </params>
          <reporter-output>
          </reporter-output>
        </test-method> <!-- springTestContextAfterTestMethod -->
        <test-method status="PASS" signature="springTestContextAfterTestMethod(java.lang.reflect.Method)[pri:0, instance:com.tavant.media.web.controller.test.ProposalControllerTest@19870711]" name="springTestContextAfterTestMethod" is-config="true" duration-ms="0" started-at="2015-05-12T15:39:09Z" finished-at="2015-05-12T15:39:09Z">
          <params>
            <param index="0">
              <value>
                <![CDATA[public void com.tavant.media.web.controller.test.ProposalControllerTest.updateProposalException()]]>
              </value>
            </param>
          </params>
          <reporter-output>
          </reporter-output>
        </test-method> <!-- springTestContextAfterTestMethod -->
        <test-method status="PASS" signature="springTestContextAfterTestClass()[pri:0, instance:com.tavant.media.web.controller.test.ProposalControllerTest@19870711]" name="springTestContextAfterTestClass" is-config="true" duration-ms="0" started-at="2015-05-12T15:39:09Z" finished-at="2015-05-12T15:39:09Z">
          <reporter-output>
          </reporter-output>
        </test-method> <!-- springTestContextAfterTestClass -->
        <test-method status="SKIP" signature="springTestContextBeforeTestMethod(java.lang.reflect.Method)[pri:0, instance:com.tavant.media.web.controller.test.ProposalControllerTest@19870711]" name="springTestContextBeforeTestMethod" is-config="true" duration-ms="0" started-at="2015-05-12T15:39:09Z" finished-at="2015-05-12T15:39:09Z">
          <reporter-output>
          </reporter-output>
        </test-method> <!-- springTestContextBeforeTestMethod -->
        <test-method status="SKIP" signature="afterTesting()[pri:0, instance:com.tavant.media.web.controller.test.ProposalControllerTest@19870711]" name="afterTesting" is-config="true" duration-ms="0" started-at="2015-05-12T15:39:09Z" finished-at="2015-05-12T15:39:09Z">
          <reporter-output>
          </reporter-output>
        </test-method> <!-- afterTesting -->
        <test-method status="SKIP" signature="testDeleteProposalDataById()[pri:0, instance:com.tavant.media.web.controller.test.ProposalControllerTest@19870711]" name="testDeleteProposalDataById" duration-ms="0" started-at="2015-05-12T15:39:09Z" finished-at="2015-05-12T15:39:09Z">
          <reporter-output>
          </reporter-output>
        </test-method> <!-- testDeleteProposalDataById -->
        <test-method status="SKIP" signature="updateProposalException()[pri:0, instance:com.tavant.media.web.controller.test.ProposalControllerTest@19870711]" name="updateProposalException" duration-ms="0" started-at="2015-05-12T15:39:09Z" finished-at="2015-05-12T15:39:09Z">
          <reporter-output>
          </reporter-output>
        </test-method> <!-- updateProposalException -->
        <test-method status="SKIP" signature="springTestContextBeforeTestMethod(java.lang.reflect.Method)[pri:0, instance:com.tavant.media.web.controller.test.ProposalControllerTest@19870711]" name="springTestContextBeforeTestMethod" is-config="true" duration-ms="0" started-at="2015-05-12T15:39:09Z" finished-at="2015-05-12T15:39:09Z">
          <reporter-output>
          </reporter-output>
        </test-method> <!-- springTestContextBeforeTestMethod -->
      </class> <!-- com.tavant.media.web.controller.test.ProposalControllerTest -->
    </test> <!-- Default test -->
  </suite> <!-- Default suite -->
</testng-results>
