<?xml version="1.0" encoding="UTF-8"?>
<testng-results skipped="0" failed="1" total="1" passed="0">
  <reporter-output>
  </reporter-output>
  <suite name="Default suite" duration-ms="16572" started-at="2015-07-17T06:41:40Z" finished-at="2015-07-17T06:41:57Z">
    <groups>
    </groups>
    <test name="Default test" duration-ms="16572" started-at="2015-07-17T06:41:40Z" finished-at="2015-07-17T06:41:57Z">
      <class name="com.tavant.media.web.controller.test.ProposalControllerTest">
        <test-method status="PASS" signature="springTestContextBeforeTestClass()[pri:0, instance:com.tavant.media.web.controller.test.ProposalControllerTest@4f91c387]" name="springTestContextBeforeTestClass" is-config="true" duration-ms="16" started-at="2015-07-17T12:11:40Z" finished-at="2015-07-17T12:11:40Z">
          <reporter-output>
          </reporter-output>
        </test-method> <!-- springTestContextBeforeTestClass -->
        <test-method status="PASS" signature="springTestContextPrepareTestInstance()[pri:0, instance:com.tavant.media.web.controller.test.ProposalControllerTest@4f91c387]" name="springTestContextPrepareTestInstance" is-config="true" duration-ms="15949" started-at="2015-07-17T12:11:40Z" depends-on-methods="org.springframework.test.context.testng.AbstractTestNGSpringContextTests.springTestContextBeforeTestClass" finished-at="2015-07-17T12:11:56Z">
          <reporter-output>
          </reporter-output>
        </test-method> <!-- springTestContextPrepareTestInstance -->
        <test-method status="PASS" signature="beforeTesting()[pri:0, instance:com.tavant.media.web.controller.test.ProposalControllerTest@4f91c387]" name="beforeTesting" is-config="true" duration-ms="575" started-at="2015-07-17T12:11:56Z" finished-at="2015-07-17T12:11:57Z">
          <reporter-output>
          </reporter-output>
        </test-method> <!-- beforeTesting -->
        <test-method status="FAIL" signature="testUpdateProposalStatus()[pri:0, instance:com.tavant.media.web.controller.test.ProposalControllerTest@4f91c387]" name="testUpdateProposalStatus" duration-ms="15" started-at="2015-07-17T12:11:57Z" finished-at="2015-07-17T12:11:57Z">
          <exception class="java.lang.AssertionError">
            <message>
              <![CDATA[Status expected:<200> but was:<401>]]>
            </message>
            <full-stacktrace>
              <![CDATA[java.lang.AssertionError: Status expected:<200> but was:<401>
	at org.springframework.test.util.AssertionErrors.fail(AssertionErrors.java:60)
	at org.springframework.test.util.AssertionErrors.assertEquals(AssertionErrors.java:89)
	at org.springframework.test.web.servlet.result.StatusResultMatchers$10.match(StatusResultMatchers.java:653)
	at org.springframework.test.web.servlet.MockMvc$1.andExpect(MockMvc.java:152)
	at com.tavant.media.web.controller.test.ProposalControllerTest.testUpdateProposalStatus(ProposalControllerTest.java:202)
	at sun.reflect.NativeMethodAccessorImpl.invoke0(Native Method)
	at sun.reflect.NativeMethodAccessorImpl.invoke(NativeMethodAccessorImpl.java:57)
	at sun.reflect.DelegatingMethodAccessorImpl.invoke(DelegatingMethodAccessorImpl.java:43)
	at java.lang.reflect.Method.invoke(Method.java:606)
	at org.testng.internal.MethodInvocationHelper.invokeMethod(MethodInvocationHelper.java:84)
	at org.testng.internal.MethodInvocationHelper$1.runTestMethod(MethodInvocationHelper.java:200)
	at org.springframework.test.context.testng.AbstractTestNGSpringContextTests.run(AbstractTestNGSpringContextTests.java:171)
	at sun.reflect.NativeMethodAccessorImpl.invoke0(Native Method)
	at sun.reflect.NativeMethodAccessorImpl.invoke(NativeMethodAccessorImpl.java:57)
	at sun.reflect.DelegatingMethodAccessorImpl.invoke(DelegatingMethodAccessorImpl.java:43)
	at java.lang.reflect.Method.invoke(Method.java:606)
	at org.testng.internal.MethodInvocationHelper.invokeHookable(MethodInvocationHelper.java:212)
	at org.testng.internal.Invoker.invokeMethod(Invoker.java:707)
	at org.testng.internal.Invoker.invokeTestMethod(Invoker.java:901)
	at org.testng.internal.Invoker.invokeTestMethods(Invoker.java:1231)
	at org.testng.internal.TestMethodWorker.invokeTestMethods(TestMethodWorker.java:127)
	at org.testng.internal.TestMethodWorker.run(TestMethodWorker.java:111)
	at org.testng.TestRunner.privateRun(TestRunner.java:767)
	at org.testng.TestRunner.run(TestRunner.java:617)
	at org.testng.SuiteRunner.runTest(SuiteRunner.java:334)
	at org.testng.SuiteRunner.runSequentially(SuiteRunner.java:329)
	at org.testng.SuiteRunner.privateRun(SuiteRunner.java:291)
	at org.testng.SuiteRunner.run(SuiteRunner.java:240)
	at org.testng.SuiteRunnerWorker.runSuite(SuiteRunnerWorker.java:52)
	at org.testng.SuiteRunnerWorker.run(SuiteRunnerWorker.java:86)
	at org.testng.TestNG.runSuitesSequentially(TestNG.java:1224)
	at org.testng.TestNG.runSuitesLocally(TestNG.java:1149)
	at org.testng.TestNG.run(TestNG.java:1057)
	at org.testng.remote.RemoteTestNG.run(RemoteTestNG.java:111)
	at org.testng.remote.RemoteTestNG.initAndRun(RemoteTestNG.java:204)
	at org.testng.remote.RemoteTestNG.main(RemoteTestNG.java:175)
]]>
            </full-stacktrace>
          </exception> <!-- java.lang.AssertionError -->
          <reporter-output>
          </reporter-output>
        </test-method> <!-- testUpdateProposalStatus -->
        <test-method status="PASS" signature="springTestContextBeforeTestMethod(java.lang.reflect.Method)[pri:0, instance:com.tavant.media.web.controller.test.ProposalControllerTest@4f91c387]" name="springTestContextBeforeTestMethod" is-config="true" duration-ms="0" started-at="2015-07-17T12:11:57Z" finished-at="2015-07-17T12:11:57Z">
          <params>
            <param index="0">
              <value>
                <![CDATA[public void com.tavant.media.web.controller.test.ProposalControllerTest.testUpdateProposalStatus()]]>
              </value>
            </param>
          </params>
          <reporter-output>
          </reporter-output>
        </test-method> <!-- springTestContextBeforeTestMethod -->
        <test-method status="PASS" signature="springTestContextAfterTestMethod(java.lang.reflect.Method)[pri:0, instance:com.tavant.media.web.controller.test.ProposalControllerTest@4f91c387]" name="springTestContextAfterTestMethod" is-config="true" duration-ms="0" started-at="2015-07-17T12:11:57Z" finished-at="2015-07-17T12:11:57Z">
          <params>
            <param index="0">
              <value>
                <![CDATA[public void com.tavant.media.web.controller.test.ProposalControllerTest.testUpdateProposalStatus()]]>
              </value>
            </param>
          </params>
          <reporter-output>
          </reporter-output>
        </test-method> <!-- springTestContextAfterTestMethod -->
        <test-method status="PASS" signature="afterTesting()[pri:0, instance:com.tavant.media.web.controller.test.ProposalControllerTest@4f91c387]" name="afterTesting" is-config="true" duration-ms="0" started-at="2015-07-17T12:11:57Z" finished-at="2015-07-17T12:11:57Z">
          <reporter-output>
          </reporter-output>
        </test-method> <!-- afterTesting -->
        <test-method status="PASS" signature="springTestContextAfterTestClass()[pri:0, instance:com.tavant.media.web.controller.test.ProposalControllerTest@4f91c387]" name="springTestContextAfterTestClass" is-config="true" duration-ms="0" started-at="2015-07-17T12:11:57Z" finished-at="2015-07-17T12:11:57Z">
          <reporter-output>
          </reporter-output>
        </test-method> <!-- springTestContextAfterTestClass -->
      </class> <!-- com.tavant.media.web.controller.test.ProposalControllerTest -->
    </test> <!-- Default test -->
  </suite> <!-- Default suite -->
</testng-results>
